<?xml version="1.0" encoding="UTF-8"?>
<!-- Generated by org.testng.reporters.JUnitReportReporter -->
<testsuite hostname="SMRUTI-SOURAV" failures="0" tests="3" name="com.sdw.tests.HomePageTest" time="47.921" errors="0" timestamp="06 Feb 2024 19:32:26 GMT" skipped="0">
  <testcase classname="com.sdw.tests.HomePageTest" name="validateTheTitleOfHomePage" time="14.588"/>
  <testcase classname="com.sdw.tests.HomePageTest" name="validateTitleOfAccountingPage" time="11.830"/>
  <testcase classname="com.sdw.tests.HomePageTest" name="validateTitleOfMarketingAndExploringPage" time="21.503"/>
</testsuite> <!-- com.sdw.tests.HomePageTest -->
