<?xml version="1.0" encoding="UTF-8"?>
<!-- Generated by org.testng.reporters.JUnitReportReporter -->
<testsuite hostname="SMRUTI-SOURAV" failures="0" tests="4" name="com.sdw.tests.ResidentLoginTests" time="83.350" errors="0" timestamp="06 Feb 2024 19:32:26 GMT" skipped="0">
  <testcase classname="com.sdw.tests.ResidentLoginTests" name="selectOptionsFromDropDown" time="23.086"/>
  <testcase classname="com.sdw.tests.ResidentLoginTests" name="visibilityOfContactForm" time="18.195"/>
  <testcase classname="com.sdw.tests.ResidentLoginTests" name="validateOptionsFromDropDown" time="18.166"/>
  <testcase classname="com.sdw.tests.ResidentLoginTests" name="validateMandatoryField" time="23.903"/>
</testsuite> <!-- com.sdw.tests.ResidentLoginTests -->
