<?xml version="1.0" encoding="UTF-8"?>
<!-- Generated by org.testng.reporters.JUnitReportReporter -->
<testsuite hostname="SMRUTI-SOURAV" failures="0" tests="4" name="com.sdw.tests.ResidentLoginTests" time="73.969" errors="0" timestamp="06 Feb 2024 19:22:26 GMT" skipped="0">
  <testcase classname="com.sdw.tests.ResidentLoginTests" name="selectOptionsFromDropDown" time="17.747"/>
  <testcase classname="com.sdw.tests.ResidentLoginTests" name="validateOptionsFromDropDown" time="20.060"/>
  <testcase classname="com.sdw.tests.ResidentLoginTests" name="validateMandatoryField" time="17.989"/>
  <testcase classname="com.sdw.tests.ResidentLoginTests" name="visibilityOfContactForm" time="18.173"/>
</testsuite> <!-- com.sdw.tests.ResidentLoginTests -->
