<?xml version="1.0" encoding="UTF-8"?>
<!-- Generated by org.testng.reporters.JUnitReportReporter -->
<testsuite hostname="SMRUTI-SOURAV" failures="0" tests="3" name="com.sdw.tests.HomePageTest" time="30.356" errors="0" timestamp="06 Feb 2024 19:22:26 GMT" skipped="0">
  <testcase classname="com.sdw.tests.HomePageTest" name="validateTheTitleOfHomePage" time="7.857"/>
  <testcase classname="com.sdw.tests.HomePageTest" name="validateTitleOfAccountingPage" time="14.460"/>
  <testcase classname="com.sdw.tests.HomePageTest" name="validateTitleOfMarketingAndExploringPage" time="8.039"/>
</testsuite> <!-- com.sdw.tests.HomePageTest -->
